<?xml version="1.0" encoding="UTF-8"?>
<!-- Generated by org.testng.reporters.JUnitReportReporter -->
<testsuite hostname="DESKTOP-5T8AO4O" failures="0" tests="1" name="cucumberOptions.Runner" time="10.670" errors="0" timestamp="2022-07-31T18:59:17 IST" skipped="0">
  <testcase classname="cucumberOptions.Runner" name="runScenario" time="10.670"/>
  <system-out/>
</testsuite> <!-- cucumberOptions.Runner -->
