<?xml version="1.0" encoding="UTF-8"?>
<!-- Generated by org.testng.reporters.JUnitReportReporter -->
<testsuite hostname="DESKTOP-5T8AO4O" failures="0" tests="1" name="cucumberOptions.TestNGTestRunner" time="16.873" errors="0" timestamp="2022-08-09T11:41:41 IST" skipped="0">
  <testcase classname="cucumberOptions.TestNGTestRunner" name="runScenario" time="16.873"/>
  <system-out/>
</testsuite> <!-- cucumberOptions.TestNGTestRunner -->
